<?xml version="1.0" encoding="UTF-8"?>
<!-- Generated by org.testng.reporters.JUnitReportReporter -->
<testsuite skipped="0" hostname="DESKTOP-9QSD73T" name="com.TestRunner.Testexecutionwindow" tests="1" failures="0" timestamp="18 Sep 2019 03:02:00 GMT" time="15.788" errors="0">
  <testcase name="execution" time="15.788" classname="com.TestRunner.Testexecutionwindow"/>
</testsuite> <!-- com.TestRunner.Testexecutionwindow -->
